Arguments: 
  C:\Program Files\nodejs\node.exe C:\Users\HP\AppData\Roaming\npm\node_modules\yarn\bin\yarn.js add firebase

PATH: 
  C:\Program Files\Python310\Scripts;C:\Program Files\Python310;C:\Program Files (x86)\VMware\VMware Player\bin;C:\Program Files\AdoptOpenJDK\jre-11.0.7.10-hotspot\bin;C:\WINDOWS\system32;C:\WINDOWS;C:\WINDOWS\System32\Wbem;C:\WINDOWS\System32\WindowsPowerShell\v1.0;C:\WINDOWS\System32\OpenSSH;C:\xampp\php;C:\Program Files\Git\cmd;C:\Program Files\Git\mingw64\bin;C:\Program Files\Git\usr\bin;C:\Program Files\nodejs;C:\Users\HP\anaconda3;C:\Users\HP\anaconda3\Library\mingw-w64\bin;C:\Users\HP\anaconda3\Library\usr\bin;C:\Users\HP\anaconda3\Library\bin;C:\Users\HP\anaconda3\Scripts;C:\Users\HP\AppData\Local\Programs\Python\Python39\Scripts;C:\Users\HP\AppData\Local\Programs\Python\Python39;C:\Users\HP\AppData\Local\Programs\Python\Python310\Scripts;C:\Users\HP\AppData\Local\Programs\Python\Python310;C:\Program Files\Python310\Scripts;C:\Program Files\Python310;C:\Program Files (x86)\VMware\VMware Player\bin;C:\Program Files\AdoptOpenJDK\jre-11.0.7.10-hotspot\bin;C:\WINDOWS\system32;C:\WINDOWS;C:\WINDOWS\System32\Wbem;C:\WINDOWS\System32\WindowsPowerShell\v1.0;C:\WINDOWS\System32\OpenSSH;C:\xampp\php;C:\Program Files\Git\cmd;C:\Program Files\Git\mingw64\bin;C:\Program Files\Git\usr\bin;C:\Program Files\nodejs;C:\Users\jetbrains\AppData\Roaming\Python\Python37\Scripts;C:\Users\HP\AppData\Local\Programs\Microsoft VS Code\bin;C:\Users\HP\AppData\Roaming\npm;C:\Program Files\heroku\bin

Yarn version: 
  1.22.18

Node version: 
  18.2.0

Platform: 
  win32 x64

Trace: 
  Error: getaddrinfo ENOTFOUND registry.npmjs.org
      at GetAddrInfoReqWrap.onlookup [as oncomplete] (node:dns:83:26)

npm manifest: 
  {
    "name": "react-tutorial",
    "version": "0.1.0",
    "private": true,
    "dependencies": {
      "@emotion/react": "^11.9.0",
      "@emotion/styled": "^11.8.1",
      "@mui/icons-material": "^5.8.0",
      "@mui/material": "^5.8.1",
      "@testing-library/jest-dom": "^5.16.2",
      "@testing-library/react": "^12.1.3",
      "@testing-library/user-event": "^13.5.0",
      "axios": "^0.27.2",
      "bootstrap": "^5.1.3",
      "materialize-css": "^1.0.0-rc.2",
      "react": "^17.0.2",
      "react-bootstrap": "^2.4.0",
      "react-dom": "^17.0.2",
      "react-icons": "^4.3.1",
      "react-router-dom": "^6.3.0",
      "react-scripts": "5.0.0",
      "web-vitals": "^2.1.4"
    },
    "scripts": {
      "start": "react-scripts start",
      "build": "react-scripts build",
      "test": "react-scripts test",
      "eject": "react-scripts eject"
    },
    "eslintConfig": {
      "extends": [
        "react-app",
        "react-app/jest"
      ]
    },
    "browserslist": {
      "production": [
        ">0.2%",
        "not dead",
        "not op_mini all"
      ],
      "development": [
        "last 1 chrome version",
        "last 1 firefox version",
        "last 1 safari version"
      ]
    },
    "devDependencies": {
      "@faker-js/faker": "^6.1.2",
      "ember-cli-materialize": "^0.22.0"
    }
  }

yarn manifest: 
  No manifest

Lockfile: 
  No lockfile
